level=INFO msg=key key=cursor.initialBlinkMsg
level=INFO msg=key key=tea.KeyMsg
level=INFO msg=key key=cursor.blinkCanceled
level=INFO msg=key key=tea.KeyMsg
level=INFO msg=key key=cursor.blinkCanceled
level=INFO msg=key key=tea.KeyMsg
level=INFO msg=key key=cursor.blinkCanceled
level=INFO msg=key key=cursor.BlinkMsg
level=INFO msg=key key=tea.KeyMsg
level=INFO msg=key key=cursor.blinkCanceled
level=INFO msg=key key=tea.KeyMsg
level=INFO msg=key key=cursor.blinkCanceled
level=INFO msg=key key=cursor.BlinkMsg
level=INFO msg=key key=cursor.BlinkMsg
level=INFO msg=key key=cursor.BlinkMsg
level=INFO msg=key key=cursor.BlinkMsg
level=INFO msg=key key=cursor.BlinkMsg
level=INFO msg=key key=cursor.BlinkMsg
level=INFO msg=key key=cursor.BlinkMsg
level=INFO msg=key key=cursor.BlinkMsg
level=INFO msg=key key=cursor.BlinkMsg
level=INFO msg=key key=cursor.BlinkMsg
level=INFO msg=key key=cursor.BlinkMsg
level=INFO msg=key key=cursor.BlinkMsg
level=INFO msg=key key=cursor.BlinkMsg
level=INFO msg=key key=cursor.BlinkMsg
level=INFO msg=key key=cursor.BlinkMsg
level=INFO msg=key key=cursor.BlinkMsg
level=INFO msg=key key=cursor.BlinkMsg
level=INFO msg=key key=cursor.BlinkMsg
level=INFO msg=key key=cursor.BlinkMsg
level=INFO msg=key key=cursor.BlinkMsg
level=INFO msg=key key=cursor.BlinkMsg
level=INFO msg=key key=cursor.BlinkMsg
level=INFO msg=key key=cursor.BlinkMsg
level=INFO msg=key key=cursor.BlinkMsg
level=INFO msg=key key=cursor.BlinkMsg
level=INFO msg=key key=cursor.BlinkMsg
level=INFO msg=key key=cursor.BlinkMsg
level=INFO msg=key key=cursor.BlinkMsg
level=INFO msg=key key=cursor.BlinkMsg
level=INFO msg=key key=cursor.BlinkMsg
level=INFO msg=key key=cursor.BlinkMsg
level=INFO msg=key key=cursor.BlinkMsg
level=INFO msg=key key=cursor.BlinkMsg
level=INFO msg=key key=cursor.BlinkMsg
level=INFO msg=key key=cursor.BlinkMsg
level=INFO msg=key key=cursor.BlinkMsg
level=INFO msg=key key=cursor.BlinkMsg
level=INFO msg=key key=cursor.BlinkMsg
level=INFO msg=key key=cursor.BlinkMsg
level=INFO msg=key key=cursor.BlinkMsg
level=INFO msg=key key=cursor.BlinkMsg
level=INFO msg=key key=cursor.BlinkMsg
level=INFO msg=key key=cursor.BlinkMsg
level=INFO msg=key key=cursor.BlinkMsg
level=INFO msg=key key=cursor.BlinkMsg
level=INFO msg=key key=cursor.BlinkMsg
level=INFO msg=key key=cursor.BlinkMsg
level=INFO msg=key key=tea.KeyMsg
level=INFO msg=key key=cursor.blinkCanceled
level=INFO msg=key key=tea.KeyMsg
level=INFO msg=key key=cursor.blinkCanceled
level=INFO msg=key key=tea.KeyMsg
level=INFO msg=key key=cursor.blinkCanceled
level=INFO msg=key key=tea.KeyMsg
level=INFO msg=key key=cursor.blinkCanceled
level=INFO msg=key key=tea.KeyMsg
level=INFO msg=key key=cursor.blinkCanceled
level=INFO msg=key key=tea.KeyMsg
level=INFO msg=key key=cursor.blinkCanceled
level=INFO msg=key key=tea.KeyMsg
level=INFO msg=key key=cursor.blinkCanceled
level=INFO msg=key key=tea.KeyMsg
level=INFO msg=key key=tea.KeyMsg
level=INFO msg=key key=tea.KeyMsg
level=INFO msg=key key=cursor.BlinkMsg
level=INFO msg=key key=cursor.BlinkMsg
level=INFO msg=key key=cursor.BlinkMsg
level=INFO msg=key key=cursor.BlinkMsg
level=INFO msg=key key=cursor.BlinkMsg
level=INFO msg=key key=cursor.BlinkMsg
level=INFO msg=key key=tea.KeyMsg
level=INFO msg=key key=cursor.BlinkMsg
level=INFO msg=key key=tea.KeyMsg
level=INFO msg=key key=cursor.BlinkMsg
level=INFO msg=key key=tea.KeyMsg
level=INFO msg=key key=cursor.BlinkMsg
level=INFO msg=key key=tea.KeyMsg
level=INFO msg=key key=tea.KeyMsg
level=INFO msg=key key=cursor.BlinkMsg
level=INFO msg=key key=cursor.BlinkMsg
level=INFO msg=key key=tea.KeyMsg
level=INFO msg=key key=tea.KeyMsg
level=INFO msg=key key=tea.KeyMsg
level=INFO msg=key key=cursor.BlinkMsg
level=INFO msg=key key=tea.KeyMsg
level=INFO msg=key key=tea.KeyMsg
level=INFO msg=key key=tea.KeyMsg
level=INFO msg=key key=tea.KeyMsg
level=INFO msg=key key=cursor.BlinkMsg
level=INFO msg=key key=tea.KeyMsg
level=INFO msg=key key=cursor.BlinkMsg
level=INFO msg=key key=cursor.BlinkMsg
level=INFO msg=key key=cursor.BlinkMsg
level=INFO msg=key key=cursor.BlinkMsg
level=INFO msg=key key=cursor.BlinkMsg
level=INFO msg=key key=cursor.BlinkMsg
level=INFO msg=key key=cursor.BlinkMsg
level=INFO msg=key key=cursor.BlinkMsg
level=INFO msg=key key=cursor.BlinkMsg
level=INFO msg=key key=cursor.BlinkMsg
level=INFO msg=key key=cursor.BlinkMsg
level=INFO msg=key key=cursor.BlinkMsg
level=INFO msg=key key=cursor.BlinkMsg
level=INFO msg=key key=cursor.BlinkMsg
level=INFO msg=key key=cursor.BlinkMsg
level=INFO msg=key key=cursor.BlinkMsg
level=INFO msg=key key=cursor.BlinkMsg
level=INFO msg=key key=cursor.BlinkMsg
level=INFO msg=key key=cursor.BlinkMsg
level=INFO msg=key key=cursor.BlinkMsg
level=INFO msg=key key=cursor.BlinkMsg
level=INFO msg=key key=cursor.BlinkMsg
level=INFO msg=key key=cursor.BlinkMsg
level=INFO msg=key key=cursor.BlinkMsg
level=INFO msg=key key=cursor.BlinkMsg
level=INFO msg=key key=cursor.BlinkMsg
level=INFO msg=key key=cursor.BlinkMsg
level=INFO msg=key key=cursor.BlinkMsg
level=INFO msg=key key=cursor.BlinkMsg
level=INFO msg=key key=cursor.BlinkMsg
level=INFO msg=key key=cursor.BlinkMsg
level=INFO msg=key key=cursor.BlinkMsg
level=INFO msg=key key=cursor.BlinkMsg
level=INFO msg=key key=cursor.BlinkMsg
level=INFO msg=key key=cursor.BlinkMsg
level=INFO msg=key key=cursor.BlinkMsg
level=INFO msg=key key=cursor.BlinkMsg
level=INFO msg=key key=cursor.BlinkMsg
level=INFO msg=key key=cursor.BlinkMsg
level=INFO msg=key key=cursor.BlinkMsg
level=INFO msg=key key=cursor.BlinkMsg
level=INFO msg=key key=cursor.BlinkMsg
level=INFO msg=key key=cursor.BlinkMsg
level=INFO msg=key key=cursor.BlinkMsg
level=INFO msg=key key=cursor.BlinkMsg
level=INFO msg=key key=cursor.BlinkMsg
level=INFO msg=key key=cursor.BlinkMsg
level=INFO msg=key key=cursor.BlinkMsg
level=INFO msg=key key=cursor.BlinkMsg
level=INFO msg=key key=cursor.BlinkMsg
level=INFO msg=key key=cursor.BlinkMsg
level=INFO msg=key key=cursor.BlinkMsg
level=INFO msg=key key=cursor.BlinkMsg
level=INFO msg=key key=cursor.BlinkMsg
level=INFO msg=key key=cursor.BlinkMsg
level=INFO msg=key key=cursor.BlinkMsg
level=INFO msg=key key=cursor.BlinkMsg
level=INFO msg=key key=cursor.BlinkMsg
level=INFO msg=key type=runes key=h
level=INFO msg=key type=runes key=e
level=INFO msg=key type=runes key=l
level=INFO msg=key type=runes key=l
level=INFO msg=key type=runes key=o
level=INFO msg=key type=ctrl+j key=ctrl+j
level=INFO msg=key type=ctrl+j key=ctrl+j
level=INFO msg=key type=esc key=esc
level=INFO msg=key type=ctrl+j key=ctrl+j
level=INFO msg=key type=ctrl+j key=ctrl+j
level=INFO msg=key type=ctrl+j key=ctrl+j
level=INFO msg=key type=ctrl+j key=ctrl+j
level=INFO msg=key type=ctrl+j key=ctrl+j
level=INFO msg=key type=runes key=h
level=INFO msg=key type=runes key=e
level=INFO msg=key type=runes key=l
level=INFO msg=key type=runes key=l
level=INFO msg=key type=runes key=l
level=INFO msg=key type=runes key=o
level=INFO msg=key type=ctrl+j key=ctrl+j
level=INFO msg=key type=ctrl+j key=ctrl+j
level=INFO msg=key type=ctrl+j key=ctrl+j
level=INFO msg=key type=ctrl+j key=ctrl+j
level=INFO msg=key type=ctrl+j key=ctrl+j
level=INFO msg=key type=ctrl+j key=ctrl+j
level=INFO msg=key type=runes key=h
level=INFO msg=key type=runes key=e
level=INFO msg=key type=runes key=l
level=INFO msg=key type=runes key=l
level=INFO msg=key type=runes key=o
level=INFO msg=key type=" " key=" "
level=INFO msg=key type=runes key=h
level=INFO msg=key type=runes key=o
level=INFO msg=key type=runes key=w
level=INFO msg=key type=" " key=" "
level=INFO msg=key type=runes key=a
level=INFO msg=key type=runes key=r
level=INFO msg=key type=runes key=e
level=INFO msg=key type=runes key=y
level=INFO msg=key type=runes key=o
level=INFO msg=key type=runes key=u
level=INFO msg=key type=backspace key=backspace
level=INFO msg=key type=backspace key=backspace
level=INFO msg=key type=backspace key=backspace
level=INFO msg=key type=" " key=" "
level=INFO msg=key type=runes key=y
level=INFO msg=key type=runes key=o
level=INFO msg=key type=runes key=u
level=INFO msg=key type=runes key=?
level=INFO msg=key type=ctrl+j key=ctrl+j
level=INFO msg=key type=ctrl+j key=ctrl+j
level=INFO msg=key type=ctrl+j key=ctrl+j
level=INFO msg=key type=ctrl+j key=ctrl+j
